============================================
  MIPS Assembly Testing with SPIM
  Date: Sun 23 Nov 2025 08:08:41 PM IST
============================================

Starting MIPS tests...

--------------------------------------------
Testing: 1_arithmetic_logical
--------------------------------------------
-e [0;32m‚úì PASSED[0m: Executed successfully
Output (first 10 lines):
  SPIM Version 8.0 of January 8, 2010
  Copyright 1990-2010, James R. Larus.
  All Rights Reserved.
  See the file README for a full copyright notice.
  Loaded: /usr/lib/spim/exceptions.s
  Arithmetic and logical operations completed

--------------------------------------------
Testing: 2_if_else
--------------------------------------------
-e [0;32m‚úì PASSED[0m: Executed successfully
Output (first 10 lines):
  SPIM Version 8.0 of January 8, 2010
  Copyright 1990-2010, James R. Larus.
  All Rights Reserved.
  See the file README for a full copyright notice.
  Loaded: /usr/lib/spim/exceptions.s
  x is greater than 5
  x is not greater than y
  x is small
  Both x and y are positive
  Complex condition satisfied

--------------------------------------------
Testing: 3_for_loop
--------------------------------------------
-e [0;32m‚úì PASSED[0m: Executed successfully
Output (first 10 lines):
  SPIM Version 8.0 of January 8, 2010
  Copyright 1990-2010, James R. Larus.
  All Rights Reserved.
  See the file README for a full copyright notice.
  Loaded: /usr/lib/spim/exceptions.s
  x = 0
  x = 1
  x = 2
  x = 3
  x = 4

--------------------------------------------
Testing: 4_while_loop
--------------------------------------------
-e [0;32m‚úì PASSED[0m: Executed successfully
Output (first 10 lines):
  SPIM Version 8.0 of January 8, 2010
  Copyright 1990-2010, James R. Larus.
  All Rights Reserved.
  See the file README for a full copyright notice.
  Loaded: /usr/lib/spim/exceptions.s
  i = 0
  i = 1
  i = 2
  i = 3
  i = 4

--------------------------------------------
Testing: 5_do_while_loop
--------------------------------------------
-e [0;32m‚úì PASSED[0m: Executed successfully
Output (first 10 lines):
  SPIM Version 8.0 of January 8, 2010
  Copyright 1990-2010, James R. Larus.
  All Rights Reserved.
  See the file README for a full copyright notice.
  Loaded: /usr/lib/spim/exceptions.s
  i = 0
  i = 1
  i = 2
  i = 3
  i = 4

--------------------------------------------
Testing: 6_switch_cases
--------------------------------------------
-e [0;32m‚úì PASSED[0m: Executed successfully
Output (first 10 lines):
  SPIM Version 8.0 of January 8, 2010
  Copyright 1990-2010, James R. Larus.
  All Rights Reserved.
  See the file README for a full copyright notice.
  Loaded: /usr/lib/spim/exceptions.s
  Choice is 2
  Case 2 (or fall-through from 1)
  Good
  Color is green
  Category 1, Subcategory 2

--------------------------------------------
Testing: 7_arrays
--------------------------------------------
-e [0;32m‚úì PASSED[0m: Executed successfully
Output (first 10 lines):
  SPIM Version 8.0 of January 8, 2010
  Copyright 1990-2010, James R. Larus.
  All Rights Reserved.
  See the file README for a full copyright notice.
  Loaded: /usr/lib/spim/exceptions.s
  arr1[0] = 0
  str2 = hello

--------------------------------------------
Testing: 8_pointers
--------------------------------------------
-e [0;31m‚úó FAILED[0m: Runtime error detected

--------------------------------------------
Testing: 9_structures
--------------------------------------------
-e [0;32m‚úì PASSED[0m: Executed successfully
Output (first 10 lines):
  SPIM Version 8.0 of January 8, 2010
  Copyright 1990-2010, James R. Larus.
  All Rights Reserved.
  See the file README for a full copyright notice.
  Loaded: /usr/lib/spim/exceptions.s
  Point p1: (0, 0)
  Point p2: (2147477740, 2147477740)
  Student ID: 0, GPA: 0, Age: 0
  Original p1.x: 2147477720, Copy p3.x: 0
  Modified p2 via pointer: (2147477712, 2147477720)

--------------------------------------------
Testing: 10_printf_scanf
--------------------------------------------
  Using input from: ./test/10_printf_scanf.input
-e [0;31m‚úó FAILED[0m: Runtime error detected

--------------------------------------------
Testing: 11_functions_recursive_functions
--------------------------------------------
-e [0;32m‚úì PASSED[0m: Executed successfully
Output (first 10 lines):
  SPIM Version 8.0 of January 8, 2010
  Copyright 1990-2010, James R. Larus.
  All Rights Reserved.
  See the file README for a full copyright notice.
  Loaded: /usr/lib/spim/exceptions.s
  Addition: 0
  Subtraction: 0
  Multiplication: 0
  Sum of x and y: 0
  Expression result: 0

--------------------------------------------
Testing: 12_goto_break_continue
--------------------------------------------
-e [0;32m‚úì PASSED[0m: Executed successfully
Output (first 10 lines):
  SPIM Version 8.0 of January 8, 2010
  Copyright 1990-2010, James R. Larus.
  All Rights Reserved.
  See the file README for a full copyright notice.
  Loaded: /usr/lib/spim/exceptions.s
  End of options
  Loop iteration: 0
  Loop iteration: 1
  Loop iteration: 3
  Loop iteration: 4

--------------------------------------------
Testing: 13_static_keywords
--------------------------------------------
-e [0;32m‚úì PASSED[0m: Executed successfully
Output (first 10 lines):
  SPIM Version 8.0 of January 8, 2010
  Copyright 1990-2010, James R. Larus.
  All Rights Reserved.
  See the file README for a full copyright notice.
  Loaded: /usr/lib/spim/exceptions.s

--------------------------------------------
Testing: 14_command_line_input
--------------------------------------------
-e [0;31m‚úó FAILED[0m: Runtime error detected

--------------------------------------------
Testing: 15_typedef
--------------------------------------------
-e [1;33m‚è±  TIMEOUT[0m: Test exceeded 10 seconds

--------------------------------------------
Testing: 16_reference
--------------------------------------------
-e [0;32m‚úì PASSED[0m: Executed successfully
Output (first 10 lines):
  SPIM Version 8.0 of January 8, 2010
  Copyright 1990-2010, James R. Larus.
  All Rights Reserved.
  See the file README for a full copyright notice.
  Loaded: /usr/lib/spim/exceptions.s

--------------------------------------------
Testing: 17_enum_union
--------------------------------------------
-e [0;32m‚úì PASSED[0m: Executed successfully
Output (first 10 lines):
  SPIM Version 8.0 of January 8, 2010
  Copyright 1990-2010, James R. Larus.
  All Rights Reserved.
  See the file README for a full copyright notice.
  Loaded: /usr/lib/spim/exceptions.s

--------------------------------------------
Testing: 18_until_loop
--------------------------------------------
-e [0;32m‚úì PASSED[0m: Executed successfully
Output (first 10 lines):
  SPIM Version 8.0 of January 8, 2010
  Copyright 1990-2010, James R. Larus.
  All Rights Reserved.
  See the file README for a full copyright notice.
  Loaded: /usr/lib/spim/exceptions.s

--------------------------------------------
Testing: 19_simple
--------------------------------------------
-e [0;32m‚úì PASSED[0m: Executed successfully
Output (first 10 lines):
  SPIM Version 8.0 of January 8, 2010
  Copyright 1990-2010, James R. Larus.
  All Rights Reserved.
  See the file README for a full copyright notice.
  Loaded: /usr/lib/spim/exceptions.s

--------------------------------------------
Testing: scanf_simple
--------------------------------------------
  Using input from: ./test/scanf_simple.input
-e [0;32m‚úì PASSED[0m: Executed successfully
Output (first 10 lines):
  SPIM Version 8.0 of January 8, 2010
  Copyright 1990-2010, James R. Larus.
  All Rights Reserved.
  See the file README for a full copyright notice.
  Loaded: /usr/lib/spim/exceptions.s

============================================
  TEST SUMMARY
============================================
-e Total Tests:   20
-e [0;32mPassed:        16[0m
-e [0;31mFailed:        3[0m
-e [1;33mTimeout:       1[0m

Pass Rate:     80.0%

Detailed results saved to: test_results.md
Individual outputs saved to: test/*.output
============================================
